#
# A fatal error has been detected by the Java Runtime Environment:
#
#  EXCEPTION_ACCESS_VIOLATION (0xc0000005) at pc=0x00000000702fb090, pid=2584, tid=6360
#
# JRE version: Java(TM) SE Runtime Environment (8.0_73-b02) (build 1.8.0_73-b02)
# Java VM: Java HotSpot(TM) 64-Bit Server VM (25.73-b02 mixed mode windows-amd64 compressed oops)
# Problematic frame:
# V  [jvm.dll+0x49b090]
#
# Failed to write core dump. Minidumps are not enabled by default on client versions of Windows
#
# If you would like to submit a bug report, please visit:
#   http://bugreport.java.com/bugreport/crash.jsp
#

---------------  T H R E A D  ---------------

Current thread (0x000000001d053000):  JavaThread "C2 CompilerThread0" daemon [_thread_in_native, id=6360, stack(0x000000001d4a0000,0x000000001d5a0000)]

siginfo: ExceptionCode=0xc0000005, writing address 0x0000000000000000

Registers:
RAX=0x0000000000000000, RBX=0x00000000240a3ab0, RCX=0x000000001d59c120, RDX=0x0000000000000040
RSP=0x000000001d59c088, RBP=0x0000000000002226, RSI=0x000000001d59c440, RDI=0x00000000000029f7
R8 =0x0000000000000040, R9 =0x00000000205d9b80, R10=0x000000006fe60000, R11=0x000000002407c4b0
R12=0x0000000070670d38, R13=0x000000001d9df0f0, R14=0x000000000010a000, R15=0x000000006fe60000
RIP=0x00000000702fb090, EFLAGS=0x0000000000010246

Top of Stack: (sp=0x000000001d59c088)
0x000000001d59c088:   00000000702c425f 000000001d59c460
0x000000001d59c098:   00000000240991f0 0000000000002226
0x000000001d59c0a8:   000000001d59c440 0000260c00000000
0x000000001d59c0b8:   0000000000000008 000000002199a220
0x000000001d59c0c8:   0000000000000033 0000000022ba56d0
0x000000001d59c0d8:   0000000000000033 000000002407c050
0x000000001d59c0e8:   0000325a00000000 0000000000000008
0x000000001d59c0f8:   0000000020253de0 0000000000000033
0x000000001d59c108:   000000002307a7f0 0000000000000033
0x000000001d59c118:   0000000024055810 000029f800000000
0x000000001d59c128:   0000000000000008 000000002199a700
0x000000001d59c138:   000000000000002a 0000000022d244f0
0x000000001d59c148:   0000000000000033 000000001d59c460
0x000000001d59c158:   0000000000000033 000000001efeea48
0x000000001d59c168:   000000001d59c440 0000000000002226
0x000000001d59c178:   000000002407c050 0000000000002600 

Instructions: (pc=0x00000000702fb090)
0x00000000702fb070:   bb 90 00 00 00 72 e9 48 8b 5c 24 40 48 83 c4 20
0x00000000702fb080:   5f c3 cc cc cc cc cc cc cc cc cc cc cc cc cc cc
0x00000000702fb090:   40 57 48 83 ec 20 48 63 51 08 48 8b f9 83 fa 08
0x00000000702fb0a0:   73 22 48 8b 41 10 48 8d 0c 90 66 0f 1f 44 00 00 


Register to memory mapping:

RAX=0x0000000000000000 is an unknown value
RBX=0x00000000240a3ab0 is an unknown value
RCX=0x000000001d59c120 is pointing into the stack for thread: 0x000000001d053000
RDX=0x0000000000000040 is an unknown value
RSP=0x000000001d59c088 is pointing into the stack for thread: 0x000000001d053000
RBP=0x0000000000002226 is an unknown value
RSI=0x000000001d59c440 is pointing into the stack for thread: 0x000000001d053000
RDI=0x00000000000029f7 is an unknown value
R8 =0x0000000000000040 is an unknown value
R9 =0x00000000205d9b80 is an unknown value
R10=0x000000006fe60000 is an unknown value
R11=0x000000002407c4b0 is an unknown value
R12=0x0000000070670d38 is an unknown value
R13=0x000000001d9df0f0 is an unknown value
R14=0x000000000010a000 is an unknown value
R15=0x000000006fe60000 is an unknown value


Stack: [0x000000001d4a0000,0x000000001d5a0000],  sp=0x000000001d59c088,  free space=1008k
Native frames: (J=compiled Java code, j=interpreted, Vv=VM code, C=native code)
V  [jvm.dll+0x49b090]
V  [jvm.dll+0x46425f]
V  [jvm.dll+0x465d28]
V  [jvm.dll+0x465f16]
V  [jvm.dll+0x463aa4]
V  [jvm.dll+0x462c54]
V  [jvm.dll+0x46dbbb]
V  [jvm.dll+0x4701d2]
V  [jvm.dll+0x453492]
V  [jvm.dll+0xa4932]
V  [jvm.dll+0xa526f]
V  [jvm.dll+0x243234]
V  [jvm.dll+0x29a10a]
C  [msvcr100.dll+0x21d9f]
C  [msvcr100.dll+0x21e3b]
C  [kernel32.dll+0x159bd]
C  [ntdll.dll+0x2a2e1]


Current CompileTask:
C2:   4480 3481   !   4       java.net.URLClassLoader$1::run (63 bytes)


---------------  P R O C E S S  ---------------

Java Threads: ( => current thread )
  0x0000000021a1a800 JavaThread "resolver-2" daemon [_thread_blocked, id=3728, stack(0x00000000223c0000,0x00000000224c0000)]
  0x000000001fce4000 JavaThread "resolver-1" daemon [_thread_blocked, id=6596, stack(0x00000000241d0000,0x00000000242d0000)]
  0x000000001bc0f000 JavaThread "Service Thread" daemon [_thread_blocked, id=4440, stack(0x000000001dc70000,0x000000001dd70000)]
  0x000000001d05a800 JavaThread "C1 CompilerThread2" daemon [_thread_blocked, id=4856, stack(0x000000001ce30000,0x000000001cf30000)]
  0x000000001d058000 JavaThread "C2 CompilerThread1" daemon [_thread_in_native, id=5700, stack(0x000000001da80000,0x000000001db80000)]
=>0x000000001d053000 JavaThread "C2 CompilerThread0" daemon [_thread_in_native, id=6360, stack(0x000000001d4a0000,0x000000001d5a0000)]
  0x000000001d050800 JavaThread "Attach Listener" daemon [_thread_blocked, id=520, stack(0x000000001d7f0000,0x000000001d8f0000)]
  0x000000001bc09800 JavaThread "Signal Dispatcher" daemon [_thread_blocked, id=5936, stack(0x000000001d600000,0x000000001d700000)]
  0x000000001bbae000 JavaThread "Finalizer" daemon [_thread_blocked, id=5640, stack(0x000000001cf50000,0x000000001d050000)]
  0x000000001bba7000 JavaThread "Reference Handler" daemon [_thread_blocked, id=3956, stack(0x000000001cd20000,0x000000001ce20000)]
  0x0000000001e38000 JavaThread "main" [_thread_in_Java, id=6644, stack(0x0000000002040000,0x0000000002140000)]

Other Threads:
  0x000000001bba2000 VMThread [stack: 0x000000001ca80000,0x000000001cb80000] [id=2148]
  0x000000001d0f1800 WatcherThread [stack: 0x000000001dde0000,0x000000001dee0000] [id=2448]

VM state:not at safepoint (normal execution)

VM Mutex/Monitor currently owned by a thread: None

Heap:
 PSYoungGen      total 141824K, used 68593K [0x000000076b200000, 0x0000000774700000, 0x00000007c0000000)
  eden space 131072K, 52% used [0x000000076b200000,0x000000076f4fc5d0,0x0000000773200000)
  from space 10752K, 0% used [0x0000000773c80000,0x0000000773c80000,0x0000000774700000)
  to   space 10752K, 0% used [0x0000000773200000,0x0000000773200000,0x0000000773c80000)
 ParOldGen       total 123904K, used 14681K [0x00000006c1600000, 0x00000006c8f00000, 0x000000076b200000)
  object space 123904K, 11% used [0x00000006c1600000,0x00000006c24566f0,0x00000006c8f00000)
 Metaspace       used 23417K, capacity 23942K, committed 24320K, reserved 1071104K
  class space    used 2800K, capacity 2945K, committed 3072K, reserved 1048576K

Card table byte_map: [0x00000000117d0000,0x0000000011fd0000] byte_map_base: 0x000000000e1c5000

Marking Bits: (ParMarkBitMap*) 0x0000000070670600
 Begin Bits: [0x0000000012ac0000, 0x0000000016a68000)
 End Bits:   [0x0000000016a68000, 0x000000001aa10000)

Polling page: 0x0000000000110000

CodeCache: size=245760Kb used=12799Kb max_used=12799Kb free=232960Kb
 bounds [0x0000000002410000, 0x00000000030a0000, 0x0000000011410000]
 total_blobs=4264 nmethods=3882 adapters=294
 compilation: enabled

Compilation events (10 events):
Event: 4.396 Thread 0x000000001d05a800 3834       2       org.apache.maven.artifact.DefaultArtifact::selectVersion (11 bytes)
Event: 4.396 Thread 0x000000001d05a800 nmethod 3834 0x00000000030714d0 code [0x0000000003071640, 0x00000000030717c8]
Event: 4.396 Thread 0x000000001d05a800 3835       2       org.apache.maven.artifact.versioning.VersionRange::<init> (15 bytes)
Event: 4.396 Thread 0x000000001d05a800 nmethod 3835 0x0000000003071850 code [0x00000000030719a0, 0x0000000003071b10]
Event: 4.396 Thread 0x000000001d05a800 3836       2       org.apache.maven.artifact.DefaultArtifact::<init> (72 bytes)
Event: 4.396 Thread 0x000000001d05a800 nmethod 3836 0x0000000003071b90 code [0x0000000003071d00, 0x0000000003071fd8]
Event: 4.396 Thread 0x000000001d05a800 3831       2       org.apache.maven.model.ReportPlugin::setReportSets (6 bytes)
Event: 4.396 Thread 0x000000001d05a800 nmethod 3831 0x0000000003072150 code [0x00000000030722a0, 0x0000000003072410]
Event: 4.396 Thread 0x000000001d05a800 3833       1       org.apache.maven.artifact.repository.layout.DefaultRepositoryLayout::getId (3 bytes)
Event: 4.396 Thread 0x000000001d05a800 nmethod 3833 0x0000000003072490 code [0x00000000030725e0, 0x00000000030726f0]

GC Heap History (10 events):
Event: 1.013 GC heap before
{Heap before GC invocations=1 (full 0):
 PSYoungGen      total 76288K, used 65536K [0x000000076b200000, 0x0000000770700000, 0x00000007c0000000)
  eden space 65536K, 100% used [0x000000076b200000,0x000000076f200000,0x000000076f200000)
  from space 10752K, 0% used [0x000000076fc80000,0x000000076fc80000,0x0000000770700000)
  to   space 10752K, 0% used [0x000000076f200000,0x000000076f200000,0x000000076fc80000)
 ParOldGen       total 175104K, used 0K [0x00000006c1600000, 0x00000006cc100000, 0x000000076b200000)
  object space 175104K, 0% used [0x00000006c1600000,0x00000006c1600000,0x00000006cc100000)
 Metaspace       used 12060K, capacity 12202K, committed 12416K, reserved 1060864K
  class space    used 1549K, capacity 1637K, committed 1664K, reserved 1048576K
Event: 1.022 GC heap after
Heap after GC invocations=1 (full 0):
 PSYoungGen      total 76288K, used 10627K [0x000000076b200000, 0x0000000770700000, 0x00000007c0000000)
  eden space 65536K, 0% used [0x000000076b200000,0x000000076b200000,0x000000076f200000)
  from space 10752K, 98% used [0x000000076f200000,0x000000076fc60c50,0x000000076fc80000)
  to   space 10752K, 0% used [0x000000076fc80000,0x000000076fc80000,0x0000000770700000)
 ParOldGen       total 175104K, used 16K [0x00000006c1600000, 0x00000006cc100000, 0x000000076b200000)
  object space 175104K, 0% used [0x00000006c1600000,0x00000006c1604000,0x00000006cc100000)
 Metaspace       used 12060K, capacity 12202K, committed 12416K, reserved 1060864K
  class space    used 1549K, capacity 1637K, committed 1664K, reserved 1048576K
}
Event: 2.044 GC heap before
{Heap before GC invocations=2 (full 0):
 PSYoungGen      total 76288K, used 76163K [0x000000076b200000, 0x0000000770700000, 0x00000007c0000000)
  eden space 65536K, 100% used [0x000000076b200000,0x000000076f200000,0x000000076f200000)
  from space 10752K, 98% used [0x000000076f200000,0x000000076fc60c50,0x000000076fc80000)
  to   space 10752K, 0% used [0x000000076fc80000,0x000000076fc80000,0x0000000770700000)
 ParOldGen       total 175104K, used 16K [0x00000006c1600000, 0x00000006cc100000, 0x000000076b200000)
  object space 175104K, 0% used [0x00000006c1600000,0x00000006c1604000,0x00000006cc100000)
 Metaspace       used 15112K, capacity 15364K, committed 15488K, reserved 1062912K
  class space    used 1822K, capacity 1908K, committed 1920K, reserved 1048576K
Event: 2.061 GC heap after
Heap after GC invocations=2 (full 0):
 PSYoungGen      total 76288K, used 8884K [0x000000076b200000, 0x0000000774700000, 0x00000007c0000000)
  eden space 65536K, 0% used [0x000000076b200000,0x000000076b200000,0x000000076f200000)
  from space 10752K, 82% used [0x000000076fc80000,0x000000077052d230,0x0000000770700000)
  to   space 10752K, 0% used [0x000000076f200000,0x000000076f200000,0x000000076fc80000)
 ParOldGen       total 175104K, used 24K [0x00000006c1600000, 0x00000006cc100000, 0x000000076b200000)
  object space 175104K, 0% used [0x00000006c1600000,0x00000006c1606000,0x00000006cc100000)
 Metaspace       used 15112K, capacity 15364K, committed 15488K, reserved 1062912K
  class space    used 1822K, capacity 1908K, committed 1920K, reserved 1048576K
}
Event: 2.683 GC heap before
{Heap before GC invocations=3 (full 0):
 PSYoungGen      total 76288K, used 74420K [0x000000076b200000, 0x0000000774700000, 0x00000007c0000000)
  eden space 65536K, 100% used [0x000000076b200000,0x000000076f200000,0x000000076f200000)
  from space 10752K, 82% used [0x000000076fc80000,0x000000077052d230,0x0000000770700000)
  to   space 10752K, 0% used [0x000000076f200000,0x000000076f200000,0x000000076fc80000)
 ParOldGen       total 175104K, used 24K [0x00000006c1600000, 0x00000006cc100000, 0x000000076b200000)
  object space 175104K, 0% used [0x00000006c1600000,0x00000006c1606000,0x00000006cc100000)
 Metaspace       used 15524K, capacity 15784K, committed 16000K, reserved 1062912K
  class space    used 1826K, capacity 1914K, committed 1920K, reserved 1048576K
Event: 2.699 GC heap after
Heap after GC invocations=3 (full 0):
 PSYoungGen      total 76288K, used 9968K [0x000000076b200000, 0x0000000774700000, 0x00000007c0000000)
  eden space 65536K, 0% used [0x000000076b200000,0x000000076b200000,0x000000076f200000)
  from space 10752K, 92% used [0x000000076f200000,0x000000076fbbc010,0x000000076fc80000)
  to   space 10752K, 0% used [0x0000000773c80000,0x0000000773c80000,0x0000000774700000)
 ParOldGen       total 175104K, used 32K [0x00000006c1600000, 0x00000006cc100000, 0x000000076b200000)
  object space 175104K, 0% used [0x00000006c1600000,0x00000006c1608000,0x00000006cc100000)
 Metaspace       used 15524K, capacity 15784K, committed 16000K, reserved 1062912K
  class space    used 1826K, capacity 1914K, committed 1920K, reserved 1048576K
}
Event: 3.582 GC heap before
{Heap before GC invocations=4 (full 0):
 PSYoungGen      total 76288K, used 62593K [0x000000076b200000, 0x0000000774700000, 0x00000007c0000000)
  eden space 65536K, 80% used [0x000000076b200000,0x000000076e5646d0,0x000000076f200000)
  from space 10752K, 92% used [0x000000076f200000,0x000000076fbbc010,0x000000076fc80000)
  to   space 10752K, 0% used [0x0000000773c80000,0x0000000773c80000,0x0000000774700000)
 ParOldGen       total 175104K, used 32K [0x00000006c1600000, 0x00000006cc100000, 0x000000076b200000)
  object space 175104K, 0% used [0x00000006c1600000,0x00000006c1608000,0x00000006cc100000)
 Metaspace       used 20784K, capacity 21198K, committed 21296K, reserved 1069056K
  class space    used 2519K, capacity 2654K, committed 2688K, reserved 1048576K
Event: 3.613 GC heap after
Heap after GC invocations=4 (full 0):
 PSYoungGen      total 141824K, used 10728K [0x000000076b200000, 0x0000000774700000, 0x00000007c0000000)
  eden space 131072K, 0% used [0x000000076b200000,0x000000076b200000,0x0000000773200000)
  from space 10752K, 99% used [0x0000000773c80000,0x00000007746fa1c8,0x0000000774700000)
  to   space 10752K, 0% used [0x0000000773200000,0x0000000773200000,0x0000000773c80000)
 ParOldGen       total 175104K, used 4112K [0x00000006c1600000, 0x00000006cc100000, 0x000000076b200000)
  object space 175104K, 2% used [0x00000006c1600000,0x00000006c1a040c0,0x00000006cc100000)
 Metaspace       used 20784K, capacity 21198K, committed 21296K, reserved 1069056K
  class space    used 2519K, capacity 2654K, committed 2688K, reserved 1048576K
}
Event: 3.613 GC heap before
{Heap before GC invocations=5 (full 1):
 PSYoungGen      total 141824K, used 10728K [0x000000076b200000, 0x0000000774700000, 0x00000007c0000000)
  eden space 131072K, 0% used [0x000000076b200000,0x000000076b200000,0x0000000773200000)
  from space 10752K, 99% used [0x0000000773c80000,0x00000007746fa1c8,0x0000000774700000)
  to   space 10752K, 0% used [0x0000000773200000,0x0000000773200000,0x0000000773c80000)
 ParOldGen       total 175104K, used 4112K [0x00000006c1600000, 0x00000006cc100000, 0x000000076b200000)
  object space 175104K, 2% used [0x00000006c1600000,0x00000006c1a040c0,0x00000006cc100000)
 Metaspace       used 20784K, capacity 21198K, committed 21296K, reserved 1069056K
  class space    used 2519K, capacity 2654K, committed 2688K, reserved 1048576K
Event: 3.727 GC heap after
Heap after GC invocations=5 (full 1):
 PSYoungGen      total 141824K, used 0K [0x000000076b200000, 0x0000000774700000, 0x00000007c0000000)
  eden space 131072K, 0% used [0x000000076b200000,0x000000076b200000,0x0000000773200000)
  from space 10752K, 0% used [0x0000000773c80000,0x0000000773c80000,0x0000000774700000)
  to   space 10752K, 0% used [0x0000000773200000,0x0000000773200000,0x0000000773c80000)
 ParOldGen       total 123904K, used 14681K [0x00000006c1600000, 0x00000006c8f00000, 0x000000076b200000)
  object space 123904K, 11% used [0x00000006c1600000,0x00000006c24566f0,0x00000006c8f00000)
 Metaspace       used 20784K, capacity 21198K, committed 21296K, reserved 1069056K
  class space    used 2519K, capacity 2654K, committed 2688K, reserved 1048576K
}

Deoptimization events (10 events):
Event: 4.049 Thread 0x0000000001e38000 Uncommon trap: reason=unstable_if action=reinterpret pc=0x0000000002dcea0c method=java.io.WinNTFileSystem.normalize(Ljava/lang/String;)Ljava/lang/String; @ 128
Event: 4.348 Thread 0x0000000001e38000 Uncommon trap: reason=unstable_if action=reinterpret pc=0x0000000002f1d0d4 method=java.util.concurrent.ConcurrentHashMap.replaceNode(Ljava/lang/Object;Ljava/lang/Object;Ljava/lang/Object;)Ljava/lang/Object; @ 17
Event: 4.350 Thread 0x0000000001e38000 Uncommon trap: reason=unstable_if action=reinterpret pc=0x0000000002b6a994 method=org.apache.maven.model.ConfigurationContainer.setLocation(Ljava/lang/Object;Lorg/apache/maven/model/InputLocation;)V @ 1
Event: 4.351 Thread 0x0000000001e38000 Uncommon trap: reason=unstable_if action=reinterpret pc=0x0000000002d61cb4 method=org.apache.maven.model.Dependency.clone()Lorg/apache/maven/model/Dependency; @ 76
Event: 4.354 Thread 0x0000000001e38000 Uncommon trap: reason=unstable_if action=reinterpret pc=0x0000000002d089ec method=org.apache.maven.model.Contributor.clone()Lorg/apache/maven/model/Contributor; @ 65
Event: 4.360 Thread 0x0000000001e38000 Uncommon trap: reason=unstable_if action=reinterpret pc=0x0000000002fa4a58 method=org.apache.maven.model.ConfigurationContainer.getLocation(Ljava/lang/Object;)Lorg/apache/maven/model/InputLocation; @ 4
Event: 4.360 Thread 0x0000000001e38000 Uncommon trap: reason=unstable_if action=reinterpret pc=0x0000000002f75458 method=org.apache.maven.model.ConfigurationContainer.getLocation(Ljava/lang/Object;)Lorg/apache/maven/model/InputLocation; @ 4
Event: 4.360 Thread 0x0000000001e38000 Uncommon trap: reason=unstable_if action=reinterpret pc=0x0000000002f0f6e4 method=org.apache.maven.model.ConfigurationContainer.getLocation(Ljava/lang/Object;)Lorg/apache/maven/model/InputLocation; @ 4
Event: 4.360 Thread 0x0000000001e38000 Uncommon trap: reason=unstable_if action=reinterpret pc=0x0000000002cac0dc method=org.apache.maven.model.ConfigurationContainer.getLocation(Ljava/lang/Object;)Lorg/apache/maven/model/InputLocation; @ 4
Event: 4.360 Thread 0x0000000001e38000 Uncommon trap: reason=unstable_if action=reinterpret pc=0x0000000002f1db24 method=org.apache.maven.model.ConfigurationContainer.getLocation(Ljava/lang/Object;)Lorg/apache/maven/model/InputLocation; @ 4

Internal exceptions (10 events):
Event: 3.938 Thread 0x0000000001e38000 Exception <a 'java/security/PrivilegedActionException'> (0x000000076bfa0fd8) thrown at [D:\re\puppet\workspace\8-2-build-windows-amd64-cygwin\jdk8u73\6086\hotspot\src\share\vm\prims\jvm.cpp, line 1386]
Event: 3.938 Thread 0x0000000001e38000 Exception <a 'java/security/PrivilegedActionException'> (0x000000076bfa2598) thrown at [D:\re\puppet\workspace\8-2-build-windows-amd64-cygwin\jdk8u73\6086\hotspot\src\share\vm\prims\jvm.cpp, line 1386]
Event: 3.938 Thread 0x0000000001e38000 Exception <a 'java/security/PrivilegedActionException'> (0x000000076bfa2990) thrown at [D:\re\puppet\workspace\8-2-build-windows-amd64-cygwin\jdk8u73\6086\hotspot\src\share\vm\prims\jvm.cpp, line 1386]
Event: 4.027 Thread 0x0000000001e38000 Exception <a 'java/io/FileNotFoundException'> (0x000000076c5e0c18) thrown at [D:\re\puppet\workspace\8-2-build-windows-amd64-cygwin\jdk8u73\6086\hotspot\src\share\vm\prims\jni.cpp, line 709]
Event: 4.030 Thread 0x0000000001e38000 Exception <a 'java/io/FileNotFoundException'> (0x000000076c615028) thrown at [D:\re\puppet\workspace\8-2-build-windows-amd64-cygwin\jdk8u73\6086\hotspot\src\share\vm\prims\jni.cpp, line 709]
Event: 4.059 Thread 0x0000000001e38000 Exception <a 'java/io/FileNotFoundException'> (0x000000076ca41da8) thrown at [D:\re\puppet\workspace\8-2-build-windows-amd64-cygwin\jdk8u73\6086\hotspot\src\share\vm\prims\jni.cpp, line 709]
Event: 4.059 Thread 0x0000000001e38000 Exception <a 'java/io/FileNotFoundException'> (0x000000076ca42d80) thrown at [D:\re\puppet\workspace\8-2-build-windows-amd64-cygwin\jdk8u73\6086\hotspot\src\share\vm\prims\jni.cpp, line 709]
Event: 4.059 Thread 0x0000000001e38000 Exception <a 'java/io/FileNotFoundException'> (0x000000076ca43d80) thrown at [D:\re\puppet\workspace\8-2-build-windows-amd64-cygwin\jdk8u73\6086\hotspot\src\share\vm\prims\jni.cpp, line 709]
Event: 4.059 Thread 0x0000000001e38000 Exception <a 'java/io/FileNotFoundException'> (0x000000076ca44d90) thrown at [D:\re\puppet\workspace\8-2-build-windows-amd64-cygwin\jdk8u73\6086\hotspot\src\share\vm\prims\jni.cpp, line 709]
Event: 4.348 Thread 0x0000000001e38000 Implicit null exception at 0x0000000002f1cb5b to 0x0000000002f1d0b5

Events (10 events):
Event: 4.397 loading class org/apache/maven/surefire/util/ReflectionUtils
Event: 4.397 loading class org/apache/maven/surefire/util/ReflectionUtils done
Event: 4.398 loading class org/apache/maven/surefire/util/SurefireReflectionException
Event: 4.398 loading class org/apache/maven/surefire/util/SurefireReflectionException done
Event: 4.398 loading class org/apache/maven/surefire/util/SurefireReflectionException
Event: 4.398 loading class org/apache/maven/surefire/util/SurefireReflectionException done
Event: 4.398 loading class org/apache/maven/artifact/resolver/filter/ExcludesArtifactFilter
Event: 4.398 loading class org/apache/maven/artifact/resolver/filter/ExcludesArtifactFilter done
Event: 4.398 loading class org/apache/maven/artifact/resolver/filter/ExcludesArtifactFilter
Event: 4.398 loading class org/apache/maven/artifact/resolver/filter/ExcludesArtifactFilter done


Dynamic libraries:
0x000000013f690000 - 0x000000013f6c7000 	C:\Program Files\Java\jdk1.8.0_73\bin\java.exe
0x00000000771a0000 - 0x000000007734a000 	C:\Windows\SYSTEM32\ntdll.dll
0x0000000076f80000 - 0x000000007709f000 	C:\Windows\system32\kernel32.dll
0x000007fefcf50000 - 0x000007fefcfba000 	C:\Windows\system32\KERNELBASE.dll
0x000007fefd520000 - 0x000007fefd5fb000 	C:\Windows\system32\ADVAPI32.dll
0x000007fefd770000 - 0x000007fefd80f000 	C:\Windows\system32\msvcrt.dll
0x000007fefe660000 - 0x000007fefe67f000 	C:\Windows\SYSTEM32\sechost.dll
0x000007feff380000 - 0x000007feff4ad000 	C:\Windows\system32\RPCRT4.dll
0x00000000770a0000 - 0x000000007719a000 	C:\Windows\system32\USER32.dll
0x000007fefd700000 - 0x000007fefd767000 	C:\Windows\system32\GDI32.dll
0x000007fefe5b0000 - 0x000007fefe5be000 	C:\Windows\system32\LPK.dll
0x000007fefefe0000 - 0x000007feff0aa000 	C:\Windows\system32\USP10.dll
0x000007fefb710000 - 0x000007fefb904000 	C:\Windows\WinSxS\amd64_microsoft.windows.common-controls_6595b64144ccf1df_6.0.7601.18837_none_fa3b1e3d17594757\COMCTL32.dll
0x000007fefd600000 - 0x000007fefd671000 	C:\Windows\system32\SHLWAPI.dll
0x000007fefed30000 - 0x000007fefed5e000 	C:\Windows\system32\IMM32.DLL
0x000007fefec20000 - 0x000007fefed29000 	C:\Windows\system32\MSCTF.dll
0x00000000643b0000 - 0x0000000064482000 	C:\Program Files\Java\jdk1.8.0_73\jre\bin\msvcr100.dll
0x000000006fe60000 - 0x00000000706f0000 	C:\Program Files\Java\jdk1.8.0_73\jre\bin\server\jvm.dll
0x000007fef4cf0000 - 0x000007fef4cf9000 	C:\Windows\system32\WSOCK32.dll
0x000007fefd4d0000 - 0x000007fefd51d000 	C:\Windows\system32\WS2_32.dll
0x000007fefd810000 - 0x000007fefd818000 	C:\Windows\system32\NSI.dll
0x000007fefaf90000 - 0x000007fefafcb000 	C:\Windows\system32\WINMM.dll
0x000007fefbfd0000 - 0x000007fefbfdc000 	C:\Windows\system32\VERSION.dll
0x0000000077360000 - 0x0000000077367000 	C:\Windows\system32\PSAPI.DLL
0x000000006fb90000 - 0x000000006fb9f000 	C:\Program Files\Java\jdk1.8.0_73\jre\bin\verify.dll
0x000000006f590000 - 0x000000006f5b9000 	C:\Program Files\Java\jdk1.8.0_73\jre\bin\java.dll
0x000000006fae0000 - 0x000000006faf6000 	C:\Program Files\Java\jdk1.8.0_73\jre\bin\zip.dll
0x000007fefd820000 - 0x000007fefe5aa000 	C:\Windows\system32\SHELL32.dll
0x000007fefe930000 - 0x000007fefeb33000 	C:\Windows\system32\ole32.dll
0x000007fefcf20000 - 0x000007fefcf2f000 	C:\Windows\system32\profapi.dll
0x000000006f570000 - 0x000000006f58a000 	C:\Program Files\Java\jdk1.8.0_73\jre\bin\net.dll
0x000007fefc6c0000 - 0x000007fefc715000 	C:\Windows\system32\mswsock.dll
0x000007fefc6b0000 - 0x000007fefc6b7000 	C:\Windows\System32\wship6.dll
0x00000000674f0000 - 0x0000000067501000 	C:\Program Files\Java\jdk1.8.0_73\jre\bin\nio.dll
0x000007fef2770000 - 0x000007fef2895000 	C:\Windows\system32\dbghelp.dll

VM Arguments:
jvm_args: -Dclassworlds.conf=C:\Program Files\Apache Software Foundation\apache-maven-3.3.9\bin\m2.conf -Dmaven.home=C:\Program Files\Apache Software Foundation\apache-maven-3.3.9 -Dmaven.multiModuleProjectDirectory=D:\HelloWorldServlet 
java_command: org.codehaus.plexus.classworlds.launcher.Launcher install
java_class_path (initial): C:\Program Files\Apache Software Foundation\apache-maven-3.3.9\boot\plexus-classworlds-2.5.2.jar
Launcher Type: SUN_STANDARD

Environment Variables:
JAVA_HOME=C:\Program Files\Java\jdk1.8.0_73
CLASSPATH=.;C:\Program Files\Java\jdk1.8.0_74\lib;C:\Program Files\Java\jre1.8.0_74\bin;C:\Program Files\Apache Software Foundation\Tomcat 8.0\lib;C:\Program Files\Apache Software Foundation\Tomcat 8.0\lib\servlet-api.jar;
PATH=C:\Ruby21-x64\bin;C:\ProgramData\Oracle\Java\javapath;C:\Program Files (x86)\Intel\iCLS Client\;C:\Program Files\Intel\iCLS Client\;C:\Windows\system32;C:\Windows;C:\Windows\System32\Wbem;C:\Windows\System32\WindowsPowerShell\v1.0\;C:\Program Files\Intel\WiFi\bin\;C:\Program Files\Common Files\Intel\WirelessCommon\;C:\Program Files\Intel\Intel(R) Management Engine Components\DAL;C:\Program Files (x86)\Intel\Intel(R) Management Engine Components\DAL;C:\Program Files\Intel\Intel(R) Management Engine Components\IPT;C:\Program Files (x86)\Intel\Intel(R) Management Engine Components\IPT;C:\Program Files (x86)\Skype\Phone\;C:\Program Files\Git\cmd;D:\apache-maven-3.3.9\bin;C:\Program Files\TortoiseSVN\bin;C:\Program Files\nodejs\;C:\Windows\system32\config\systemprofile\.dnx\bin;C:\Program Files\Microsoft DNX\Dnvm\;C:\Program Files\Microsoft SQL Server\130\Tools\Binn\;C:\Program Files\Java\jdk1.8.0_73\bin;C:\Program Files\Apache Software Foundation\apache-maven-3.3.9\bin;.;C:\Program Files\Java\jdk1.8.0_74\lib;C:\Program Files\Java\jre1.8.0_74\bin;C:\Program Files\Apache Software Foundation\Tomcat 8.0\lib;C:\Program Files\Apache Software Foundation\Tomcat 8.0\lib\servlet-api.jar;;%TESTNG_HOME%\testng-6.8.jar;C:\Program Files\sonar-scanner-2.6.1\bin;.;C:\apache-ant-1.9.7\bin;C:\Program Files\Java\jdk1.8.0_74;
USERNAME=debabratak
OS=Windows_NT
PROCESSOR_IDENTIFIER=Intel64 Family 6 Model 61 Stepping 4, GenuineIntel



---------------  S Y S T E M  ---------------

OS: Windows 7 , 64 bit Build 7601 (6.1.7601.23418)

CPU:total 4 (2 cores per cpu, 2 threads per core) family 6 model 61 stepping 4, cmov, cx8, fxsr, mmx, sse, sse2, sse3, ssse3, sse4.1, sse4.2, popcnt, avx, avx2, aes, clmul, erms, 3dnowpref, lzcnt, ht, tsc, tscinvbit, bmi1, bmi2, adx

Memory: 4k page, physical 16685800k(11877572k free), swap 33369740k(27695924k free)

vm_info: Java HotSpot(TM) 64-Bit Server VM (25.73-b02) for windows-amd64 JRE (1.8.0_73-b02), built on Jan 29 2016 17:38:49 by "java_re" with MS VC++ 10.0 (VS2010)

time: Mon Jun 06 13:59:39 2016
elapsed time: 4 seconds (0d 0h 0m 4s)

